{
  "round_id": "round18",
  "input_count": 1,
  "process_contract_verdict": "PASS",
  "semantic_translation_verdict": "PASS",
  "generation_verdict": "PASS",
  "product_quality_verdict": "FAIL",
  "terminal_state": "S_FAIL_QUALITY",
  "cases": [
    {
      "case_id": "R18_00005_2025_annual_report_zh_pages_001_050",
      "source_pdf": "docs/input/round18/source_pdfs/00005_2025_annual_report_zh_pages_001_050.pdf",
      "target_language": "en",
      "candidate_pdf": "docs/output/round18/R18_00005_2025_annual_report_zh_pages_001_050_repair02_candidate.pdf",
      "product_quality_verdict": "FAIL",
      "failed_gate_ids": [
        "visual_similarity",
        "short_label_legibility",
        "table_text_legibility",
        "background_residue_artifact",
        "matrix_diagram_integrity"
      ],
      "blocking_repair_count": 4,
      "repair_loop_records": [
        "docs/reports/round18/R18_00005_2025_annual_report_zh_pages_001_050/repair_loop_0001.json",
        "docs/reports/round18/R18_00005_2025_annual_report_zh_pages_001_050/repair_loop_0002.json"
      ],
      "report_dir": "docs/reports/round18/R18_00005_2025_annual_report_zh_pages_001_050"
    }
  ],
  "process_validation": "docs/reports/round18/process_validation.json",
  "process_validation_errors": []
}
